<?xml version="1.0" encoding="UTF-8"?>
<robot generator="Robot 7.0 (Python 3.11.2 on darwin)" generated="2024-06-14T17:51:55.238467" rpa="false" schemaversion="5">
<suite id="s1" name="Search Field" source="/Users/vl/Git/RFW_Polteq_WebShop_Lashin/tests/search_field.robot">
<test id="s1-t1" name="First test" line="16">
<kw name="Open Page" owner="main" type="SETUP">
<kw name="Open Browser" owner="SeleniumLibrary">
<msg time="2024-06-14T17:51:55.379337" level="INFO">Opening browser 'chrome' to base url 'https://testshop.polteq-testing.com/'.</msg>
<arg>${web_page}</arg>
<arg>${browser}</arg>
<doc>Opens a new browser instance to the optional ``url``.</doc>
<status status="PASS" start="2024-06-14T17:51:55.379120" elapsed="4.994899"/>
</kw>
<kw name="Maximize Browser Window" owner="SeleniumLibrary">
<doc>Maximizes current browser window.</doc>
<status status="PASS" start="2024-06-14T17:52:00.374624" elapsed="0.450909"/>
</kw>
<arg>web_page=https://testshop.polteq-testing.com/</arg>
<status status="PASS" start="2024-06-14T17:51:55.378430" elapsed="5.447407"/>
</kw>
<kw name="Log in from main page" owner="login_logout">
<kw name="Click Element" owner="SeleniumLibrary">
<msg time="2024-06-14T17:52:00.831920" level="INFO">Clicking element '//div[@id="_desktop_user_info"]'.</msg>
<arg>${sign_in_main_page}</arg>
<doc>Click the element identified by ``locator``.</doc>
<status status="PASS" start="2024-06-14T17:52:00.831307" elapsed="0.634853"/>
</kw>
<kw name="Wait Until Element Is Visible" owner="SeleniumLibrary">
<arg>${header_page_of_autorisation}</arg>
<doc>Waits until the element ``locator`` is visible.</doc>
<status status="PASS" start="2024-06-14T17:52:01.466349" elapsed="0.022032"/>
</kw>
<kw name="Click Element" owner="SeleniumLibrary">
<msg time="2024-06-14T17:52:01.488824" level="INFO">Clicking element '//div[@class="col-md-6"]/input[@type="email"]' with clear.</msg>
<arg>${email_field_autorisation}</arg>
<arg>clear</arg>
<doc>Click the element identified by ``locator``.</doc>
<status status="PASS" start="2024-06-14T17:52:01.488563" elapsed="0.278242"/>
</kw>
<kw name="Input Text" owner="SeleniumLibrary">
<msg time="2024-06-14T17:52:01.767281" level="INFO">Typing text 'tester@test.com' into text field '//div[@class="col-md-6"]/input[@type="email"]'.</msg>
<arg>${email_field_autorisation}</arg>
<arg>${LOGIN}</arg>
<doc>Types the given ``text`` into the text field identified by ``locator``.</doc>
<status status="PASS" start="2024-06-14T17:52:01.767015" elapsed="0.148976"/>
</kw>
<kw name="Click Element" owner="SeleniumLibrary">
<msg time="2024-06-14T17:52:01.916787" level="INFO">Clicking element '//input[@type="password"]' with clear.</msg>
<arg>${password_field_autorisation}</arg>
<arg>clear</arg>
<doc>Click the element identified by ``locator``.</doc>
<status status="PASS" start="2024-06-14T17:52:01.916383" elapsed="0.280742"/>
</kw>
<kw name="Input Password" owner="SeleniumLibrary">
<msg time="2024-06-14T17:52:02.197549" level="INFO">Typing password into text field '//input[@type="password"]'.</msg>
<msg time="2024-06-14T17:52:02.219393" level="INFO">Temporally setting log level to: NONE</msg>
<arg>${password_field_autorisation}</arg>
<arg>${PASSWORD}</arg>
<doc>Types the given password into the text field identified by ``locator``.</doc>
<status status="PASS" start="2024-06-14T17:52:02.197319" elapsed="0.043007"/>
</kw>
<kw name="Click Button" owner="SeleniumLibrary">
<msg time="2024-06-14T17:52:02.241172" level="INFO">Clicking button '//button[@id="submit-login"]'.</msg>
<arg>${button_sighn_in_form_of_autorisation}</arg>
<doc>Clicks the button identified by ``locator``.</doc>
<status status="PASS" start="2024-06-14T17:52:02.240524" elapsed="1.245374"/>
</kw>
<kw name="Wait Until Element Is Visible" owner="SeleniumLibrary">
<arg>${header_page_witch_autorased}</arg>
<doc>Waits until the element ``locator`` is visible.</doc>
<status status="PASS" start="2024-06-14T17:52:03.486080" elapsed="0.013070"/>
</kw>
<status status="PASS" start="2024-06-14T17:52:00.829710" elapsed="2.669546"/>
</kw>
<kw name="Positive test of search result" owner="search_field">
<kw name="Click Element" owner="SeleniumLibrary">
<msg time="2024-06-14T17:52:03.500015" level="INFO">Clicking element '//div[@id="_desktop_logo"]'.</msg>
<arg>${main_logo_in_the_header}</arg>
<doc>Click the element identified by ``locator``.</doc>
<status status="PASS" start="2024-06-14T17:52:03.499825" elapsed="1.830996"/>
</kw>
<kw name="Page Should Contain Element" owner="SeleniumLibrary">
<msg time="2024-06-14T17:52:05.341444" level="INFO">Current page contains element '//input[@type="text"]'.</msg>
<arg>${search_field}</arg>
<doc>Verifies that element ``locator`` is found on the current page.</doc>
<status status="PASS" start="2024-06-14T17:52:05.331049" elapsed="0.010474"/>
</kw>
<kw name="Click Element" owner="SeleniumLibrary">
<msg time="2024-06-14T17:52:05.341898" level="INFO">Clicking element '//input[@type="text"]' with clear.</msg>
<arg>${search_field}</arg>
<arg>clear</arg>
<doc>Click the element identified by ``locator``.</doc>
<status status="PASS" start="2024-06-14T17:52:05.341677" elapsed="0.276267"/>
</kw>
<kw name="Input Text" owner="SeleniumLibrary">
<msg time="2024-06-14T17:52:05.618312" level="INFO">Typing text 'SWEATER' into text field '//input[@type="text"]'.</msg>
<arg>${search_field}</arg>
<arg>SWEATER</arg>
<doc>Types the given ``text`` into the text field identified by ``locator``.</doc>
<status status="PASS" start="2024-06-14T17:52:05.618107" elapsed="0.044344"/>
</kw>
<kw name="Click Element" owner="SeleniumLibrary">
<msg time="2024-06-14T17:52:05.662812" level="INFO">Clicking element '//button[@type="submit"]'.</msg>
<arg>${button_search_submit}</arg>
<doc>Click the element identified by ``locator``.</doc>
<status status="PASS" start="2024-06-14T17:52:05.662624" elapsed="0.778526"/>
</kw>
<kw name="Wait Until Element Is Visible" owner="SeleniumLibrary">
<arg>${items_search_results}</arg>
<doc>Waits until the element ``locator`` is visible.</doc>
<status status="PASS" start="2024-06-14T17:52:06.441342" elapsed="0.021782"/>
</kw>
<status status="PASS" start="2024-06-14T17:52:03.499505" elapsed="2.963822"/>
</kw>
<kw name="Negative test of search result" owner="search_field">
<kw name="Click Element" owner="SeleniumLibrary">
<msg time="2024-06-14T17:52:06.464194" level="INFO">Clicking element '//input[@type="text"]' with clear.</msg>
<arg>${search_field}</arg>
<arg>clear</arg>
<doc>Click the element identified by ``locator``.</doc>
<status status="PASS" start="2024-06-14T17:52:06.464007" elapsed="0.289512"/>
</kw>
<kw name="Input Text" owner="SeleniumLibrary">
<msg time="2024-06-14T17:52:06.754366" level="INFO">Typing text '$%^&amp;' into text field '//input[@type="text"]'.</msg>
<arg>${search_field}</arg>
<arg>$%^&amp;</arg>
<doc>Types the given ``text`` into the text field identified by ``locator``.</doc>
<status status="PASS" start="2024-06-14T17:52:06.753939" elapsed="0.053148"/>
</kw>
<kw name="Click Element" owner="SeleniumLibrary">
<msg time="2024-06-14T17:52:06.807458" level="INFO">Clicking element '//button[@type="submit"]'.</msg>
<arg>${button_search_submit}</arg>
<doc>Click the element identified by ``locator``.</doc>
<status status="PASS" start="2024-06-14T17:52:06.807255" elapsed="0.555772"/>
</kw>
<kw name="Wait Until Element Is Visible" owner="SeleniumLibrary">
<arg>${error_search_message}</arg>
<doc>Waits until the element ``locator`` is visible.</doc>
<status status="PASS" start="2024-06-14T17:52:07.363208" elapsed="0.021586"/>
</kw>
<status status="PASS" start="2024-06-14T17:52:06.463712" elapsed="0.921445"/>
</kw>
<kw name="Log out from Your account page" owner="login_logout">
<kw name="Click Element" owner="SeleniumLibrary">
<msg time="2024-06-14T17:52:07.388203" level="INFO">Clicking element '//span[contains(text(), "Polteq Tester")]'.</msg>
<arg>${go_to_your_account}</arg>
<doc>Click the element identified by ``locator``.</doc>
<status status="PASS" start="2024-06-14T17:52:07.386631" elapsed="0.544023"/>
</kw>
<kw name="Click Element" owner="SeleniumLibrary">
<msg time="2024-06-14T17:52:07.931001" level="INFO">Clicking element '//a[contains(text(), "Sign out")]'.</msg>
<arg>//a[contains(text(), "Sign out")]</arg>
<doc>Click the element identified by ``locator``.</doc>
<status status="PASS" start="2024-06-14T17:52:07.930834" elapsed="0.977846"/>
</kw>
<kw name="Wait Until Element Is Visible" owner="SeleniumLibrary">
<arg>${header_page_of_autorisation}</arg>
<doc>Waits until the element ``locator`` is visible.</doc>
<status status="PASS" start="2024-06-14T17:52:08.908847" elapsed="0.015075"/>
</kw>
<status status="PASS" start="2024-06-14T17:52:07.385733" elapsed="1.538563"/>
</kw>
<kw name="Close Page" owner="main" type="TEARDOWN">
<kw name="Delete All Cookies" owner="SeleniumLibrary">
<doc>Deletes all cookies.</doc>
<status status="PASS" start="2024-06-14T17:52:08.925515" elapsed="0.008508"/>
</kw>
<kw name="Close All Browsers" owner="SeleniumLibrary">
<doc>Closes all open browsers and resets the browser cache.</doc>
<status status="PASS" start="2024-06-14T17:52:08.934195" elapsed="0.137487"/>
</kw>
<status status="PASS" start="2024-06-14T17:52:08.925130" elapsed="0.146784"/>
</kw>
<status status="PASS" start="2024-06-14T17:51:55.378009" elapsed="13.694094"/>
</test>
<doc>This is positive test of Search_field. Tests for check avaliability of search field on the major pages were realised in menu_itema.robot</doc>
<status status="PASS" start="2024-06-14T17:51:55.239560" elapsed="13.833246"/>
</suite>
<statistics>
<total>
<stat pass="1" fail="0" skip="0">All Tests</stat>
</total>
<tag>
</tag>
<suite>
<stat pass="1" fail="0" skip="0" id="s1" name="Search Field">Search Field</stat>
</suite>
</statistics>
<errors>
</errors>
</robot>
