<?xml version="1.0" encoding="UTF-8"?>
<robot generator="Robot 7.0 (Python 3.11.2 on darwin)" generated="2024-06-12T11:56:09.497412" rpa="false" schemaversion="5">
<suite id="s1" name="RFW Polteq WebShop Lashin" source="/Users/vl/Git/RFW_Polteq_WebShop_Lashin">
<suite id="s1-s1" name="Tests" source="/Users/vl/Git/RFW_Polteq_WebShop_Lashin/tests">
<suite id="s1-s1-s1" name="Cart" source="/Users/vl/Git/RFW_Polteq_WebShop_Lashin/tests/cart.robot">
<test id="s1-s1-s1-t1" name="First test" line="17">
<kw name="Open Page" owner="main" type="SETUP">
<kw name="Open Browser" owner="SeleniumLibrary">
<msg time="2024-06-12T11:56:09.715519" level="INFO">Opening browser 'chrome' to base url 'https://testshop.polteq-testing.com/'.</msg>
<arg>${web_page}</arg>
<arg>${browser}</arg>
<doc>Opens a new browser instance to the optional ``url``.</doc>
<status status="PASS" start="2024-06-12T11:56:09.715060" elapsed="5.754208"/>
</kw>
<kw name="Maximize Browser Window" owner="SeleniumLibrary">
<doc>Maximizes current browser window.</doc>
<status status="PASS" start="2024-06-12T11:56:15.469941" elapsed="0.456990"/>
</kw>
<arg>web_page=https://testshop.polteq-testing.com/</arg>
<status status="PASS" start="2024-06-12T11:56:09.714250" elapsed="6.213399"/>
</kw>
<kw name="Log in from main page" owner="login_logout">
<kw name="Click Element" owner="SeleniumLibrary">
<msg time="2024-06-12T11:56:15.930064" level="INFO">Clicking element '//div[@id="_desktop_user_info"]'.</msg>
<arg>${sign_in_main_page}</arg>
<doc>Click the element identified by ``locator``.</doc>
<status status="PASS" start="2024-06-12T11:56:15.929245" elapsed="0.803584"/>
</kw>
<kw name="Wait Until Element Is Visible" owner="SeleniumLibrary">
<arg>${header_page_of_autorisation}</arg>
<doc>Waits until the element ``locator`` is visible.</doc>
<status status="PASS" start="2024-06-12T11:56:16.734004" elapsed="0.026187"/>
</kw>
<kw name="Click Element" owner="SeleniumLibrary">
<msg time="2024-06-12T11:56:16.760786" level="INFO">Clicking element '//div[@class="col-md-6"]/input[@type="email"]' with clear.</msg>
<arg>${email_field_autorisation}</arg>
<arg>clear</arg>
<doc>Click the element identified by ``locator``.</doc>
<status status="PASS" start="2024-06-12T11:56:16.760430" elapsed="0.304102"/>
</kw>
<kw name="Input Text" owner="SeleniumLibrary">
<msg time="2024-06-12T11:56:17.066204" level="INFO">Typing text 'tester@test.com' into text field '//div[@class="col-md-6"]/input[@type="email"]'.</msg>
<arg>${email_field_autorisation}</arg>
<arg>${LOGIN}</arg>
<doc>Types the given ``text`` into the text field identified by ``locator``.</doc>
<status status="PASS" start="2024-06-12T11:56:17.064920" elapsed="0.175122"/>
</kw>
<kw name="Click Element" owner="SeleniumLibrary">
<msg time="2024-06-12T11:56:17.240659" level="INFO">Clicking element '//input[@type="password"]' with clear.</msg>
<arg>${password_field_autorisation}</arg>
<arg>clear</arg>
<doc>Click the element identified by ``locator``.</doc>
<status status="PASS" start="2024-06-12T11:56:17.240312" elapsed="0.290284"/>
</kw>
<kw name="Input Password" owner="SeleniumLibrary">
<msg time="2024-06-12T11:56:17.531236" level="INFO">Typing password into text field '//input[@type="password"]'.</msg>
<msg time="2024-06-12T11:56:17.557501" level="INFO">Temporally setting log level to: NONE</msg>
<arg>${password_field_autorisation}</arg>
<arg>${PASSWORD}</arg>
<doc>Types the given password into the text field identified by ``locator``.</doc>
<status status="PASS" start="2024-06-12T11:56:17.530870" elapsed="0.051667"/>
</kw>
<kw name="Click Button" owner="SeleniumLibrary">
<msg time="2024-06-12T11:56:17.583191" level="INFO">Clicking button '//button[@id="submit-login"]'.</msg>
<arg>${button_sighn_in_form_of_autorisation}</arg>
<doc>Clicks the button identified by ``locator``.</doc>
<status status="PASS" start="2024-06-12T11:56:17.582825" elapsed="1.105182"/>
</kw>
<kw name="Wait Until Element Is Visible" owner="SeleniumLibrary">
<arg>${header_page_witch_autorased}</arg>
<doc>Waits until the element ``locator`` is visible.</doc>
<status status="PASS" start="2024-06-12T11:56:18.688550" elapsed="0.014302"/>
</kw>
<status status="PASS" start="2024-06-12T11:56:15.928449" elapsed="2.774640"/>
</kw>
<kw name="Main positive scenario" owner="cart">
<kw name="Click Element" owner="SeleniumLibrary">
<msg time="2024-06-12T11:56:18.708812" level="INFO">Clicking element '//div[@id="_desktop_logo"]'.</msg>
<arg>${main_logo_in_the_header}</arg>
<doc>Click the element identified by ``locator``.</doc>
<status status="PASS" start="2024-06-12T11:56:18.707786" elapsed="1.211652"/>
</kw>
<kw name="Wait Until Element Is Visible" owner="SeleniumLibrary">
<arg>${header_of_popular_products}</arg>
<doc>Waits until the element ``locator`` is visible.</doc>
<status status="PASS" start="2024-06-12T11:56:19.919708" elapsed="0.020917"/>
</kw>
<kw name="Click Element" owner="SeleniumLibrary">
<msg time="2024-06-12T11:56:19.941892" level="INFO">Clicking element '//div[@itemprop="itemListElement"][3]'.</msg>
<arg>${third_element_of_popular_products}</arg>
<doc>Click the element identified by ``locator``.</doc>
<status status="PASS" start="2024-06-12T11:56:19.941337" elapsed="0.909431"/>
</kw>
<kw name="Wait Until Element Is Visible" owner="SeleniumLibrary">
<arg>${block_with_product_information}</arg>
<doc>Waits until the element ``locator`` is visible.</doc>
<status status="PASS" start="2024-06-12T11:56:20.851150" elapsed="0.023508"/>
</kw>
<kw name="Click Button" owner="SeleniumLibrary">
<msg time="2024-06-12T11:56:20.875908" level="INFO">Clicking button '//button[@data-button-action="add-to-cart"]'.</msg>
<arg>${button_add_to_cart}</arg>
<doc>Clicks the button identified by ``locator``.</doc>
<status status="PASS" start="2024-06-12T11:56:20.875101" elapsed="0.075801"/>
</kw>
<kw name="Wait Until Element Is Visible" owner="SeleniumLibrary">
<arg>${modal_window_add_to_cart}</arg>
<doc>Waits until the element ``locator`` is visible.</doc>
<status status="PASS" start="2024-06-12T11:56:20.951142" elapsed="1.521967"/>
</kw>
<kw name="Click Element" owner="SeleniumLibrary">
<msg time="2024-06-12T11:56:22.473675" level="INFO">Clicking element '//*[contains(text(), "Proceed to checkout")]'.</msg>
<arg>${button_proceed_to_checkout}</arg>
<doc>Click the element identified by ``locator``.</doc>
<status status="PASS" start="2024-06-12T11:56:22.473342" elapsed="1.047227"/>
</kw>
<kw name="Wait Until Element Is Visible" owner="SeleniumLibrary">
<arg>${header_shoping_cart}</arg>
<doc>Waits until the element ``locator`` is visible.</doc>
<status status="PASS" start="2024-06-12T11:56:23.520819" elapsed="0.035182"/>
</kw>
<kw name="Click Element" owner="SeleniumLibrary">
<msg time="2024-06-12T11:56:23.558222" level="INFO">Clicking element '//*[contains(text(), "Proceed to checkout")]'.</msg>
<arg>${button_proceed_to_checkout}</arg>
<doc>Click the element identified by ``locator``.</doc>
<status status="PASS" start="2024-06-12T11:56:23.557087" elapsed="0.800098"/>
</kw>
<kw name="Wait Until Element Is Visible" owner="SeleniumLibrary">
<arg>${button_confirm_address}</arg>
<doc>Waits until the element ``locator`` is visible.</doc>
<status status="PASS" start="2024-06-12T11:56:24.357440" elapsed="0.023445"/>
</kw>
<kw name="Click Element" owner="SeleniumLibrary">
<msg time="2024-06-12T11:56:24.382060" level="INFO">Clicking element '//button[@name="confirm-addresses"]'.</msg>
<arg>${button_confirm_address}</arg>
<doc>Click the element identified by ``locator``.</doc>
<status status="PASS" start="2024-06-12T11:56:24.381190" elapsed="1.286888"/>
</kw>
<kw name="Wait Until Element Is Visible" owner="SeleniumLibrary">
<arg>${section_checkout_delivery}</arg>
<doc>Waits until the element ``locator`` is visible.</doc>
<status status="PASS" start="2024-06-12T11:56:25.668344" elapsed="0.039007"/>
</kw>
<kw name="Click Element" owner="SeleniumLibrary">
<msg time="2024-06-12T11:56:25.709488" level="INFO">Clicking element '//button[@name="confirmDeliveryOption"]'.</msg>
<arg>${button_confirm_delivery_option}</arg>
<doc>Click the element identified by ``locator``.</doc>
<status status="PASS" start="2024-06-12T11:56:25.707774" elapsed="1.895200"/>
</kw>
<kw name="Wait Until Element Is Visible" owner="SeleniumLibrary">
<arg>${check_box_agree}</arg>
<doc>Waits until the element ``locator`` is visible.</doc>
<status status="PASS" start="2024-06-12T11:56:27.622300" elapsed="0.034710"/>
</kw>
<kw name="Click Element" owner="SeleniumLibrary">
<msg time="2024-06-12T11:56:27.657527" level="INFO">Clicking element '//span[@class="custom-checkbox"]'.</msg>
<arg>${check_box_agree}</arg>
<doc>Click the element identified by ``locator``.</doc>
<status status="PASS" start="2024-06-12T11:56:27.657234" elapsed="0.091467"/>
</kw>
<kw name="Element Should Be Disabled" owner="SeleniumLibrary">
<arg>//button[contains(text(), "Place order")]</arg>
<doc>Verifies that element identified by ``locator`` is disabled.</doc>
<status status="PASS" start="2024-06-12T11:56:27.749077" elapsed="0.017089"/>
</kw>
<kw name="Click Element" owner="SeleniumLibrary">
<msg time="2024-06-12T11:56:27.766783" level="INFO">Clicking element '//div[@id="_desktop_logo"]/a/img'.</msg>
<arg>${logo_on_the_order_page}</arg>
<doc>Click the element identified by ``locator``.</doc>
<status status="PASS" start="2024-06-12T11:56:27.766423" elapsed="1.321288"/>
</kw>
<kw name="Wait Until Element Is Visible" owner="SeleniumLibrary">
<arg>${header_of_popular_products}</arg>
<doc>Waits until the element ``locator`` is visible.</doc>
<status status="PASS" start="2024-06-12T11:56:29.087946" elapsed="0.032238"/>
</kw>
<status status="PASS" start="2024-06-12T11:56:18.704034" elapsed="10.416367"/>
</kw>
<kw name="Log out from Your account page" owner="login_logout">
<kw name="Click Element" owner="SeleniumLibrary">
<msg time="2024-06-12T11:56:29.122778" level="INFO">Clicking element '//span[contains(text(), "Polteq Tester")]'.</msg>
<arg>${go_to_your_account}</arg>
<doc>Click the element identified by ``locator``.</doc>
<status status="PASS" start="2024-06-12T11:56:29.121129" elapsed="0.865685"/>
</kw>
<kw name="Click Element" owner="SeleniumLibrary">
<msg time="2024-06-12T11:56:29.987350" level="INFO">Clicking element '//a[contains(text(), "Sign out")]'.</msg>
<arg>//a[contains(text(), "Sign out")]</arg>
<doc>Click the element identified by ``locator``.</doc>
<status status="PASS" start="2024-06-12T11:56:29.987059" elapsed="0.824726"/>
</kw>
<kw name="Wait Until Element Is Visible" owner="SeleniumLibrary">
<arg>${header_page_of_autorisation}</arg>
<doc>Waits until the element ``locator`` is visible.</doc>
<status status="PASS" start="2024-06-12T11:56:30.812799" elapsed="0.029603"/>
</kw>
<status status="PASS" start="2024-06-12T11:56:29.120710" elapsed="1.721868"/>
</kw>
<kw name="Close Page" owner="main" type="TEARDOWN">
<kw name="Delete All Cookies" owner="SeleniumLibrary">
<doc>Deletes all cookies.</doc>
<status status="PASS" start="2024-06-12T11:56:30.843334" elapsed="0.029918"/>
</kw>
<kw name="Close All Browsers" owner="SeleniumLibrary">
<doc>Closes all open browsers and resets the browser cache.</doc>
<status status="PASS" start="2024-06-12T11:56:30.874316" elapsed="0.368520"/>
</kw>
<status status="PASS" start="2024-06-12T11:56:30.842952" elapsed="0.400484"/>
</kw>
<status status="PASS" start="2024-06-12T11:56:09.713610" elapsed="21.531229"/>
</test>
<doc>Tests of folter by field</doc>
<status status="PASS" start="2024-06-12T11:56:09.536004" elapsed="21.709813"/>
</suite>
<status status="PASS" start="2024-06-12T11:56:09.532643" elapsed="21.714409"/>
</suite>
<status status="PASS" start="2024-06-12T11:56:09.502008" elapsed="21.746036"/>
</suite>
<statistics>
<total>
<stat pass="1" fail="0" skip="0">All Tests</stat>
</total>
<tag>
</tag>
<suite>
<stat pass="1" fail="0" skip="0" id="s1" name="RFW Polteq WebShop Lashin">RFW Polteq WebShop Lashin</stat>
<stat pass="1" fail="0" skip="0" id="s1-s1" name="Tests">RFW Polteq WebShop Lashin.Tests</stat>
<stat pass="1" fail="0" skip="0" id="s1-s1-s1" name="Cart">RFW Polteq WebShop Lashin.Tests.Cart</stat>
</suite>
</statistics>
<errors>
</errors>
</robot>
