<?xml version="1.0" encoding="UTF-8"?>
<robot generator="Robot 7.0 (Python 3.11.2 on darwin)" generated="2024-06-04T11:11:16.168808" rpa="false" schemaversion="5">
<suite id="s1" name="RFW Polteq WebShop Lashin" source="/Users/vl/Git/RFW_Polteq_WebShop_Lashin">
<suite id="s1-s1" name="Tests" source="/Users/vl/Git/RFW_Polteq_WebShop_Lashin/tests">
<suite id="s1-s1-s1" name="Search Field" source="/Users/vl/Git/RFW_Polteq_WebShop_Lashin/tests/search_field.robot">
<test id="s1-s1-s1-t1" name="First test" line="16">
<kw name="Open Page" owner="main" type="SETUP">
<kw name="Open Browser" owner="SeleniumLibrary">
<msg time="2024-06-04T11:11:16.354727" level="INFO">Opening browser 'chrome' to base url 'https://testshop.polteq-testing.com/'.</msg>
<arg>${web_page}</arg>
<arg>${browser}</arg>
<doc>Opens a new browser instance to the optional ``url``.</doc>
<status status="PASS" start="2024-06-04T11:11:16.354406" elapsed="6.855292"/>
</kw>
<kw name="Maximize Browser Window" owner="SeleniumLibrary">
<doc>Maximizes current browser window.</doc>
<status status="PASS" start="2024-06-04T11:11:23.210417" elapsed="0.425344"/>
</kw>
<arg>web_page=https://testshop.polteq-testing.com/</arg>
<status status="PASS" start="2024-06-04T11:11:16.353620" elapsed="7.282361"/>
</kw>
<kw name="Log in from main page" owner="login_logout">
<kw name="Click Element" owner="SeleniumLibrary">
<msg time="2024-06-04T11:11:23.638058" level="INFO">Clicking element '//div[@id="_desktop_user_info"]'.</msg>
<arg>${sign_in_main_page}</arg>
<doc>Click the element identified by ``locator``.</doc>
<status status="PASS" start="2024-06-04T11:11:23.637046" elapsed="0.647712"/>
</kw>
<kw name="Wait Until Element Is Visible" owner="SeleniumLibrary">
<arg>${header_page_of_autorisation}</arg>
<doc>Waits until the element ``locator`` is visible.</doc>
<status status="PASS" start="2024-06-04T11:11:24.285069" elapsed="0.020831"/>
</kw>
<kw name="Click Element" owner="SeleniumLibrary">
<msg time="2024-06-04T11:11:24.306470" level="INFO">Clicking element '//div[@class="col-md-6"]/input[@type="email"]' with clear.</msg>
<arg>${email_field_autorisation}</arg>
<arg>clear</arg>
<doc>Click the element identified by ``locator``.</doc>
<status status="PASS" start="2024-06-04T11:11:24.306140" elapsed="0.308212"/>
</kw>
<kw name="Input Text" owner="SeleniumLibrary">
<msg time="2024-06-04T11:11:24.615239" level="INFO">Typing text 'tester@test.com' into text field '//div[@class="col-md-6"]/input[@type="email"]'.</msg>
<arg>${email_field_autorisation}</arg>
<arg>${LOGIN}</arg>
<doc>Types the given ``text`` into the text field identified by ``locator``.</doc>
<status status="PASS" start="2024-06-04T11:11:24.614707" elapsed="0.160930"/>
</kw>
<kw name="Click Element" owner="SeleniumLibrary">
<msg time="2024-06-04T11:11:24.777388" level="INFO">Clicking element '//input[@type="password"]' with clear.</msg>
<arg>${password_field_autorisation}</arg>
<arg>clear</arg>
<doc>Click the element identified by ``locator``.</doc>
<status status="PASS" start="2024-06-04T11:11:24.776132" elapsed="0.293424"/>
</kw>
<kw name="Input Password" owner="SeleniumLibrary">
<msg time="2024-06-04T11:11:25.070149" level="INFO">Typing password into text field '//input[@type="password"]'.</msg>
<msg time="2024-06-04T11:11:25.095866" level="INFO">Temporally setting log level to: NONE</msg>
<arg>${password_field_autorisation}</arg>
<arg>${PASSWORD}</arg>
<doc>Types the given password into the text field identified by ``locator``.</doc>
<status status="PASS" start="2024-06-04T11:11:25.069807" elapsed="0.047917"/>
</kw>
<kw name="Click Button" owner="SeleniumLibrary">
<msg time="2024-06-04T11:11:25.118229" level="INFO">Clicking button '//button[@id="submit-login"]'.</msg>
<arg>${button_sighn_in_form_of_autorisation}</arg>
<doc>Clicks the button identified by ``locator``.</doc>
<status status="PASS" start="2024-06-04T11:11:25.117955" elapsed="1.166928"/>
</kw>
<kw name="Wait Until Element Is Visible" owner="SeleniumLibrary">
<arg>${header_page_witch_autorased}</arg>
<doc>Waits until the element ``locator`` is visible.</doc>
<status status="PASS" start="2024-06-04T11:11:26.285499" elapsed="0.019400"/>
</kw>
<status status="PASS" start="2024-06-04T11:11:23.636431" elapsed="2.668641"/>
</kw>
<kw name="Positive test of search result" owner="search_field">
<kw name="Click Element" owner="SeleniumLibrary">
<msg time="2024-06-04T11:11:26.305920" level="INFO">Clicking element '//div[@id="_desktop_logo"]'.</msg>
<arg>${main_logo_in_the_header}</arg>
<doc>Click the element identified by ``locator``.</doc>
<status status="PASS" start="2024-06-04T11:11:26.305681" elapsed="1.244924"/>
</kw>
<kw name="Page Should Contain Element" owner="SeleniumLibrary">
<msg time="2024-06-04T11:11:27.577895" level="INFO">Current page contains element '//input[@type="text"]'.</msg>
<arg>${search_field}</arg>
<doc>Verifies that element ``locator`` is found on the current page.</doc>
<status status="PASS" start="2024-06-04T11:11:27.550898" elapsed="0.027236"/>
</kw>
<kw name="Click Element" owner="SeleniumLibrary">
<msg time="2024-06-04T11:11:27.578712" level="INFO">Clicking element '//input[@type="text"]' with clear.</msg>
<arg>${search_field}</arg>
<arg>clear</arg>
<doc>Click the element identified by ``locator``.</doc>
<status status="PASS" start="2024-06-04T11:11:27.578375" elapsed="0.277225"/>
</kw>
<kw name="Input Text" owner="SeleniumLibrary">
<msg time="2024-06-04T11:11:27.856150" level="INFO">Typing text 'SWEATER' into text field '//input[@type="text"]'.</msg>
<arg>${search_field}</arg>
<arg>SWEATER</arg>
<doc>Types the given ``text`` into the text field identified by ``locator``.</doc>
<status status="PASS" start="2024-06-04T11:11:27.855826" elapsed="0.050609"/>
</kw>
<kw name="Click Element" owner="SeleniumLibrary">
<msg time="2024-06-04T11:11:27.907030" level="INFO">Clicking element '//button[@type="submit"]'.</msg>
<arg>${button_search_submit}</arg>
<doc>Click the element identified by ``locator``.</doc>
<status status="PASS" start="2024-06-04T11:11:27.906693" elapsed="0.834408"/>
</kw>
<kw name="Wait Until Element Is Visible" owner="SeleniumLibrary">
<arg>${items_search_results}</arg>
<doc>Waits until the element ``locator`` is visible.</doc>
<status status="PASS" start="2024-06-04T11:11:28.741507" elapsed="0.021099"/>
</kw>
<status status="PASS" start="2024-06-04T11:11:26.305337" elapsed="2.457560"/>
</kw>
<kw name="Negative test of search result" owner="search_field">
<kw name="Click Element" owner="SeleniumLibrary">
<msg time="2024-06-04T11:11:28.769553" level="INFO">Clicking element '//input[@type="text"]' with clear.</msg>
<arg>${search_field}</arg>
<arg>clear</arg>
<doc>Click the element identified by ``locator``.</doc>
<status status="PASS" start="2024-06-04T11:11:28.767992" elapsed="0.301069"/>
</kw>
<kw name="Input Text" owner="SeleniumLibrary">
<msg time="2024-06-04T11:11:29.069739" level="INFO">Typing text '$%^&amp;' into text field '//input[@type="text"]'.</msg>
<arg>${search_field}</arg>
<arg>$%^&amp;</arg>
<doc>Types the given ``text`` into the text field identified by ``locator``.</doc>
<status status="PASS" start="2024-06-04T11:11:29.069362" elapsed="0.068535"/>
</kw>
<kw name="Click Element" owner="SeleniumLibrary">
<msg time="2024-06-04T11:11:29.138564" level="INFO">Clicking element '//button[@type="submit"]'.</msg>
<arg>${button_search_submit}</arg>
<doc>Click the element identified by ``locator``.</doc>
<status status="PASS" start="2024-06-04T11:11:29.138204" elapsed="0.484683"/>
</kw>
<kw name="Wait Until Element Is Visible" owner="SeleniumLibrary">
<arg>${error_search_message}</arg>
<doc>Waits until the element ``locator`` is visible.</doc>
<status status="PASS" start="2024-06-04T11:11:29.623129" elapsed="0.016916"/>
</kw>
<status status="PASS" start="2024-06-04T11:11:28.765986" elapsed="0.874277"/>
</kw>
<kw name="Log out from Your account page" owner="login_logout">
<kw name="Click Element" owner="SeleniumLibrary">
<msg time="2024-06-04T11:11:29.641178" level="INFO">Clicking element '//span[contains(text(), "Polteq Tester")]'.</msg>
<arg>${go_to_your_account}</arg>
<doc>Click the element identified by ``locator``.</doc>
<status status="PASS" start="2024-06-04T11:11:29.640903" elapsed="0.542791"/>
</kw>
<kw name="Click Element" owner="SeleniumLibrary">
<msg time="2024-06-04T11:11:30.184722" level="INFO">Clicking element '//a[contains(text(), "Sign out")]'.</msg>
<arg>//a[contains(text(), "Sign out")]</arg>
<doc>Click the element identified by ``locator``.</doc>
<status status="PASS" start="2024-06-04T11:11:30.184425" elapsed="0.815673"/>
</kw>
<kw name="Wait Until Element Is Visible" owner="SeleniumLibrary">
<arg>${header_page_of_autorisation}</arg>
<doc>Waits until the element ``locator`` is visible.</doc>
<status status="PASS" start="2024-06-04T11:11:31.000456" elapsed="0.021923"/>
</kw>
<status status="PASS" start="2024-06-04T11:11:29.640544" elapsed="1.382262"/>
</kw>
<kw name="Close Page" owner="main" type="TEARDOWN">
<kw name="Delete All Cookies" owner="SeleniumLibrary">
<doc>Deletes all cookies.</doc>
<status status="PASS" start="2024-06-04T11:11:31.024344" elapsed="0.012961"/>
</kw>
<kw name="Close All Browsers" owner="SeleniumLibrary">
<doc>Closes all open browsers and resets the browser cache.</doc>
<status status="PASS" start="2024-06-04T11:11:31.037529" elapsed="0.184410"/>
</kw>
<status status="PASS" start="2024-06-04T11:11:31.023903" elapsed="0.198434"/>
</kw>
<status status="PASS" start="2024-06-04T11:11:16.352978" elapsed="14.869671"/>
</test>
<doc>This is positive test of Search_field. Tests for check avaliability of search field on the major pages were realised in menu_itema.robot</doc>
<status status="PASS" start="2024-06-04T11:11:16.195303" elapsed="15.029142"/>
</suite>
<status status="PASS" start="2024-06-04T11:11:16.193352" elapsed="15.034949"/>
</suite>
<status status="PASS" start="2024-06-04T11:11:16.172215" elapsed="15.058789"/>
</suite>
<statistics>
<total>
<stat pass="1" fail="0" skip="0">All Tests</stat>
</total>
<tag>
</tag>
<suite>
<stat pass="1" fail="0" skip="0" id="s1" name="RFW Polteq WebShop Lashin">RFW Polteq WebShop Lashin</stat>
<stat pass="1" fail="0" skip="0" id="s1-s1" name="Tests">RFW Polteq WebShop Lashin.Tests</stat>
<stat pass="1" fail="0" skip="0" id="s1-s1-s1" name="Search Field">RFW Polteq WebShop Lashin.Tests.Search Field</stat>
</suite>
</statistics>
<errors>
</errors>
</robot>
