<?xml version="1.0" encoding="UTF-8"?>
<robot generator="Robot 7.0 (Python 3.11.2 on darwin)" generated="2024-06-01T14:57:28.799673" rpa="false" schemaversion="5">
<suite id="s1" name="RFW Polteq WebShop Lashin" source="/Users/vl/Git/RFW_Polteq_WebShop_Lashin">
<suite id="s1-s1" name="Tests" source="/Users/vl/Git/RFW_Polteq_WebShop_Lashin/tests">
<suite id="s1-s1-s1" name="Menu Items" source="/Users/vl/Git/RFW_Polteq_WebShop_Lashin/tests/menu_items.robot">
<test id="s1-s1-s1-t1" name="Menu_items" line="16">
<kw name="Open Page" owner="main" type="SETUP">
<kw name="Open Browser" owner="SeleniumLibrary">
<msg time="2024-06-01T14:57:29.012936" level="INFO">Opening browser 'chrome' to base url 'https://testshop.polteq-testing.com/'.</msg>
<arg>${web_page}</arg>
<arg>${browser}</arg>
<doc>Opens a new browser instance to the optional ``url``.</doc>
<status status="PASS" start="2024-06-01T14:57:29.012645" elapsed="5.392885"/>
</kw>
<kw name="Maximize Browser Window" owner="SeleniumLibrary">
<doc>Maximizes current browser window.</doc>
<status status="PASS" start="2024-06-01T14:57:34.413350" elapsed="0.456393"/>
</kw>
<arg>web_page=https://testshop.polteq-testing.com/</arg>
<status status="PASS" start="2024-06-01T14:57:29.011875" elapsed="5.858403"/>
</kw>
<kw name="Log in from main page" owner="login_logout">
<kw name="Click Element" owner="SeleniumLibrary">
<msg time="2024-06-01T14:57:34.874834" level="INFO">Clicking element '//div[@id="_desktop_user_info"]'.</msg>
<arg>${sign_in_main_page}</arg>
<doc>Click the element identified by ``locator``.</doc>
<status status="PASS" start="2024-06-01T14:57:34.872638" elapsed="0.352571"/>
</kw>
<kw name="Wait Until Element Is Visible" owner="SeleniumLibrary">
<arg>${header_page_of_autorisation}</arg>
<doc>Waits until the element ``locator`` is visible.</doc>
<status status="PASS" start="2024-06-01T14:57:35.226333" elapsed="0.032417"/>
</kw>
<kw name="Click Element" owner="SeleniumLibrary">
<msg time="2024-06-01T14:57:35.262383" level="INFO">Clicking element '//div[@class="col-md-6"]/input[@type="email"]' with clear.</msg>
<arg>${email_field_autorisation}</arg>
<arg>clear</arg>
<doc>Click the element identified by ``locator``.</doc>
<status status="PASS" start="2024-06-01T14:57:35.260499" elapsed="0.310624"/>
</kw>
<kw name="Input Text" owner="SeleniumLibrary">
<msg time="2024-06-01T14:57:35.571817" level="INFO">Typing text 'tester@test.com' into text field '//div[@class="col-md-6"]/input[@type="email"]'.</msg>
<arg>${email_field_autorisation}</arg>
<arg>${LOGIN}</arg>
<doc>Types the given ``text`` into the text field identified by ``locator``.</doc>
<status status="PASS" start="2024-06-01T14:57:35.571431" elapsed="0.187950"/>
</kw>
<kw name="Click Element" owner="SeleniumLibrary">
<msg time="2024-06-01T14:57:35.759936" level="INFO">Clicking element '//input[@type="password"]' with clear.</msg>
<arg>${password_field_autorisation}</arg>
<arg>clear</arg>
<doc>Click the element identified by ``locator``.</doc>
<status status="PASS" start="2024-06-01T14:57:35.759612" elapsed="0.290831"/>
</kw>
<kw name="Input Password" owner="SeleniumLibrary">
<msg time="2024-06-01T14:57:36.051040" level="INFO">Typing password into text field '//input[@type="password"]'.</msg>
<msg time="2024-06-01T14:57:36.072367" level="INFO">Temporally setting log level to: NONE</msg>
<arg>${password_field_autorisation}</arg>
<arg>${PASSWORD}</arg>
<doc>Types the given password into the text field identified by ``locator``.</doc>
<status status="PASS" start="2024-06-01T14:57:36.050700" elapsed="0.046407"/>
</kw>
<kw name="Click Button" owner="SeleniumLibrary">
<msg time="2024-06-01T14:57:36.097979" level="INFO">Clicking button '//button[@id="submit-login"]'.</msg>
<arg>${button_sighn_in_form_of_autorisation}</arg>
<doc>Clicks the button identified by ``locator``.</doc>
<status status="PASS" start="2024-06-01T14:57:36.097540" elapsed="0.528986"/>
</kw>
<kw name="Wait Until Element Is Visible" owner="SeleniumLibrary">
<arg>${header_page_witch_autorased}</arg>
<doc>Waits until the element ``locator`` is visible.</doc>
<status status="PASS" start="2024-06-01T14:57:36.626875" elapsed="0.025152"/>
</kw>
<status status="PASS" start="2024-06-01T14:57:34.871464" elapsed="1.780762"/>
</kw>
<kw name="Check the Clothes menu and Clothes &gt; Men sub-menu">
<kw name="Click Element" owner="SeleniumLibrary">
<msg time="2024-06-01T14:57:36.653281" level="INFO">Clicking element '//div[@id="_desktop_logo"]'.</msg>
<arg>${main_logo_in_the_header}</arg>
<doc>Click the element identified by ``locator``.</doc>
<status status="PASS" start="2024-06-01T14:57:36.652901" elapsed="0.459230"/>
</kw>
<kw name="Mouse Over" owner="SeleniumLibrary">
<msg time="2024-06-01T14:57:37.112948" level="INFO">Simulating Mouse Over on element '//li[@ id="category-3" ]/a[@class="dropdown-item"]'.</msg>
<arg>${drop_down_menu_clothes}</arg>
<doc>Simulates hovering the mouse over the element ``locator``.</doc>
<status status="PASS" start="2024-06-01T14:57:37.112502" elapsed="0.279299"/>
</kw>
<kw name="Wait Until Element Is Visible" owner="SeleniumLibrary">
<arg>${submenu_drop_down_menu_clothes_men}</arg>
<doc>Waits until the element ``locator`` is visible.</doc>
<status status="PASS" start="2024-06-01T14:57:37.392170" elapsed="0.019417"/>
</kw>
<kw name="Page Should Contain Element" owner="SeleniumLibrary">
<msg time="2024-06-01T14:57:37.420617" level="INFO">Current page contains element '//a[@class="dropdown-item dropdown-submenu" and contains(text(), "Men")]'.</msg>
<arg>${drop_menu_items_men}</arg>
<doc>Verifies that element ``locator`` is found on the current page.</doc>
<status status="PASS" start="2024-06-01T14:57:37.411889" elapsed="0.008897"/>
</kw>
<kw name="Page Should Contain Element" owner="SeleniumLibrary">
<msg time="2024-06-01T14:57:37.429233" level="INFO">Current page contains element '//a[@class="dropdown-item dropdown-submenu" and contains(text(), "Women")]'.</msg>
<arg>${drop_menu_items_women}</arg>
<doc>Verifies that element ``locator`` is found on the current page.</doc>
<status status="PASS" start="2024-06-01T14:57:37.420991" elapsed="0.008413"/>
</kw>
<kw name="Click Element" owner="SeleniumLibrary">
<msg time="2024-06-01T14:57:37.429910" level="INFO">Clicking element '//li[@id="category-4"]/a[contains(text(), "Men")]'.</msg>
<arg>${submenu_drop_down_menu_clothes_men}</arg>
<doc>Click the element identified by ``locator``.</doc>
<status status="PASS" start="2024-06-01T14:57:37.429600" elapsed="0.261094"/>
</kw>
<kw name="Wait Until Element Is Visible" owner="SeleniumLibrary">
<arg>${header_of_men_clothes_men}</arg>
<doc>Waits until the element ``locator`` is visible.</doc>
<status status="PASS" start="2024-06-01T14:57:37.690935" elapsed="0.023067"/>
</kw>
<kw name="Page Should Contain Element" owner="SeleniumLibrary">
<msg time="2024-06-01T14:57:37.731469" level="INFO">Current page contains element '//p[contains(text(), "Filter By")]'.</msg>
<arg>${filter_by_block}</arg>
<doc>Verifies that element ``locator`` is found on the current page.</doc>
<status status="PASS" start="2024-06-01T14:57:37.714452" elapsed="0.017691"/>
</kw>
<status status="PASS" start="2024-06-01T14:57:36.652536" elapsed="1.079825"/>
</kw>
<kw name="Check the Clothes &gt; Women sub-menu">
<kw name="Click Element" owner="SeleniumLibrary">
<msg time="2024-06-01T14:57:37.733646" level="INFO">Clicking element '//div[@id="_desktop_logo"]'.</msg>
<arg>${main_logo_in_the_header}</arg>
<doc>Click the element identified by ``locator``.</doc>
<status status="PASS" start="2024-06-01T14:57:37.733197" elapsed="0.381617"/>
</kw>
<kw name="Mouse Over" owner="SeleniumLibrary">
<msg time="2024-06-01T14:57:38.116173" level="INFO">Simulating Mouse Over on element '//li[@ id="category-3" ]/a[@class="dropdown-item"]'.</msg>
<arg>${drop_down_menu_clothes}</arg>
<doc>Simulates hovering the mouse over the element ``locator``.</doc>
<status status="PASS" start="2024-06-01T14:57:38.115244" elapsed="0.268482"/>
</kw>
<kw name="Wait Until Element Is Visible" owner="SeleniumLibrary">
<arg>${drop_menu_items_women}</arg>
<doc>Waits until the element ``locator`` is visible.</doc>
<status status="PASS" start="2024-06-01T14:57:38.384071" elapsed="0.011060"/>
</kw>
<kw name="Click Element" owner="SeleniumLibrary">
<msg time="2024-06-01T14:57:38.395723" level="INFO">Clicking element '//a[@class="dropdown-item dropdown-submenu" and contains(text(), "Women")]'.</msg>
<arg>${drop_menu_items_women}</arg>
<doc>Click the element identified by ``locator``.</doc>
<status status="PASS" start="2024-06-01T14:57:38.395436" elapsed="0.304856"/>
</kw>
<kw name="Wait Until Element Is Visible" owner="SeleniumLibrary">
<arg>${header_of_menu_clothes_women}</arg>
<doc>Waits until the element ``locator`` is visible.</doc>
<status status="PASS" start="2024-06-01T14:57:38.700548" elapsed="0.031814"/>
</kw>
<kw name="Page Should Contain Element" owner="SeleniumLibrary">
<msg time="2024-06-01T14:57:38.745107" level="INFO">Current page contains element '//p[contains(text(), "Filter By")]'.</msg>
<arg>${filter_by_block}</arg>
<doc>Verifies that element ``locator`` is found on the current page.</doc>
<status status="PASS" start="2024-06-01T14:57:38.732665" elapsed="0.013065"/>
</kw>
<status status="PASS" start="2024-06-01T14:57:37.732746" elapsed="1.013411"/>
</kw>
<kw name="Log out from Your account page" owner="login_logout">
<kw name="Click Element" owner="SeleniumLibrary">
<msg time="2024-06-01T14:57:38.747614" level="INFO">Clicking element '//span[contains(text(), "Polteq Tester")]'.</msg>
<arg>${go_to_your_account}</arg>
<doc>Click the element identified by ``locator``.</doc>
<status status="PASS" start="2024-06-01T14:57:38.747205" elapsed="0.222256"/>
</kw>
<kw name="Click Element" owner="SeleniumLibrary">
<msg time="2024-06-01T14:57:38.970225" level="INFO">Clicking element '//a[contains(text(), "Sign out")]'.</msg>
<arg>//a[contains(text(), "Sign out")]</arg>
<doc>Click the element identified by ``locator``.</doc>
<status status="PASS" start="2024-06-01T14:57:38.969805" elapsed="0.373360"/>
</kw>
<kw name="Wait Until Element Is Visible" owner="SeleniumLibrary">
<arg>${header_page_of_autorisation}</arg>
<doc>Waits until the element ``locator`` is visible.</doc>
<status status="PASS" start="2024-06-01T14:57:39.343419" elapsed="0.013730"/>
</kw>
<status status="PASS" start="2024-06-01T14:57:38.746789" elapsed="0.611265"/>
</kw>
<kw name="Close Page" owner="main" type="TEARDOWN">
<kw name="Delete All Cookies" owner="SeleniumLibrary">
<doc>Deletes all cookies.</doc>
<status status="PASS" start="2024-06-01T14:57:39.359370" elapsed="0.010458"/>
</kw>
<kw name="Close All Browsers" owner="SeleniumLibrary">
<doc>Closes all open browsers and resets the browser cache.</doc>
<status status="PASS" start="2024-06-01T14:57:39.370057" elapsed="0.274930"/>
</kw>
<status status="PASS" start="2024-06-01T14:57:39.358937" elapsed="0.286284"/>
</kw>
<status status="PASS" start="2024-06-01T14:57:29.011172" elapsed="10.634256"/>
</test>
<doc>This is tests for Check the availability of pages and menu elements, as well as the operation (redirection) of menu elements.</doc>
<status status="PASS" start="2024-06-01T14:57:28.832487" elapsed="10.815328"/>
</suite>
<status status="PASS" start="2024-06-01T14:57:28.829811" elapsed="10.820318"/>
</suite>
<status status="PASS" start="2024-06-01T14:57:28.803831" elapsed="10.848573"/>
</suite>
<statistics>
<total>
<stat pass="1" fail="0" skip="0">All Tests</stat>
</total>
<tag>
</tag>
<suite>
<stat pass="1" fail="0" skip="0" id="s1" name="RFW Polteq WebShop Lashin">RFW Polteq WebShop Lashin</stat>
<stat pass="1" fail="0" skip="0" id="s1-s1" name="Tests">RFW Polteq WebShop Lashin.Tests</stat>
<stat pass="1" fail="0" skip="0" id="s1-s1-s1" name="Menu Items">RFW Polteq WebShop Lashin.Tests.Menu Items</stat>
</suite>
</statistics>
<errors>
</errors>
</robot>
