<?xml version="1.0" encoding="UTF-8"?>
<robot generator="Robot 7.0 (Python 3.11.2 on darwin)" generated="2024-06-01T12:45:28.009037" rpa="false" schemaversion="5">
<suite id="s1" name="RFW Polteq WebShop Lashin" source="/Users/vl/Git/RFW_Polteq_WebShop_Lashin">
<suite id="s1-s1" name="Tests" source="/Users/vl/Git/RFW_Polteq_WebShop_Lashin/tests">
<suite id="s1-s1-s1" name="Login Positive" source="/Users/vl/Git/RFW_Polteq_WebShop_Lashin/tests/login_positive.robot">
<test id="s1-s1-s1-t1" name="Positive LogIn and Log Out" line="16">
<kw name="Open Page" owner="main" type="SETUP">
<kw name="Open Browser" owner="SeleniumLibrary">
<msg time="2024-06-01T12:45:28.557030" level="INFO">Opening browser 'chrome' to base url 'https://testshop.polteq-testing.com/'.</msg>
<arg>${web_page}</arg>
<arg>${browser}</arg>
<doc>Opens a new browser instance to the optional ``url``.</doc>
<status status="PASS" start="2024-06-01T12:45:28.556529" elapsed="2.715253"/>
</kw>
<kw name="Maximize Browser Window" owner="SeleniumLibrary">
<doc>Maximizes current browser window.</doc>
<status status="PASS" start="2024-06-01T12:45:31.291343" elapsed="2.764347"/>
</kw>
<arg>web_page=https://testshop.polteq-testing.com/</arg>
<status status="PASS" start="2024-06-01T12:45:28.555433" elapsed="5.500500"/>
</kw>
<kw name="Log in from main page" owner="login_logout">
<kw name="Click Element" owner="SeleniumLibrary">
<msg time="2024-06-01T12:45:34.058613" level="INFO">Clicking element '//div[@id="_desktop_user_info"]'.</msg>
<arg>${sign_in_main_page}</arg>
<doc>Click the element identified by ``locator``.</doc>
<status status="PASS" start="2024-06-01T12:45:34.057714" elapsed="0.287128"/>
</kw>
<kw name="Wait Until Element Is Visible" owner="SeleniumLibrary">
<arg>${header_page_of_autorisation}</arg>
<doc>Waits until the element ``locator`` is visible.</doc>
<status status="PASS" start="2024-06-01T12:45:34.345260" elapsed="0.019627"/>
</kw>
<kw name="Click Element" owner="SeleniumLibrary">
<msg time="2024-06-01T12:45:34.365670" level="INFO">Clicking element '//div[@class="col-md-6"]/input[@type="email"]' with clear.</msg>
<arg>${email_field_autorisation}</arg>
<arg>clear</arg>
<doc>Click the element identified by ``locator``.</doc>
<status status="PASS" start="2024-06-01T12:45:34.365245" elapsed="0.299573"/>
</kw>
<kw name="Input Text" owner="SeleniumLibrary">
<msg time="2024-06-01T12:45:34.665503" level="INFO">Typing text 'tester@test.com' into text field '//div[@class="col-md-6"]/input[@type="email"]'.</msg>
<arg>${email_field_autorisation}</arg>
<arg>${LOGIN}</arg>
<doc>Types the given ``text`` into the text field identified by ``locator``.</doc>
<status status="PASS" start="2024-06-01T12:45:34.665115" elapsed="0.150213"/>
</kw>
<kw name="Click Element" owner="SeleniumLibrary">
<msg time="2024-06-01T12:45:34.815917" level="INFO">Clicking element '//input[@type="password"]' with clear.</msg>
<arg>${password_field_autorisation}</arg>
<arg>clear</arg>
<doc>Click the element identified by ``locator``.</doc>
<status status="PASS" start="2024-06-01T12:45:34.815577" elapsed="0.278820"/>
</kw>
<kw name="Input Password" owner="SeleniumLibrary">
<msg time="2024-06-01T12:45:35.094992" level="INFO">Typing password into text field '//input[@type="password"]'.</msg>
<msg time="2024-06-01T12:45:35.119117" level="INFO">Temporally setting log level to: NONE</msg>
<arg>${password_field_autorisation}</arg>
<arg>${PASSWORD}</arg>
<doc>Types the given password into the text field identified by ``locator``.</doc>
<status status="PASS" start="2024-06-01T12:45:35.094663" elapsed="0.044934"/>
</kw>
<kw name="Click Button" owner="SeleniumLibrary">
<msg time="2024-06-01T12:45:35.140102" level="INFO">Clicking button '//button[@id="submit-login"]'.</msg>
<arg>${button_sighn_in_form_of_autorisation}</arg>
<doc>Clicks the button identified by ``locator``.</doc>
<status status="PASS" start="2024-06-01T12:45:35.139824" elapsed="0.456581"/>
</kw>
<kw name="Wait Until Element Is Visible" owner="SeleniumLibrary">
<arg>${header_page_witch_autorased}</arg>
<doc>Waits until the element ``locator`` is visible.</doc>
<status status="PASS" start="2024-06-01T12:45:35.596661" elapsed="0.024132"/>
</kw>
<status status="PASS" start="2024-06-01T12:45:34.056435" elapsed="1.564546"/>
</kw>
<kw name="Log out from Your account page" owner="login_logout">
<kw name="Click Element" owner="SeleniumLibrary">
<msg time="2024-06-01T12:45:35.621932" level="INFO">Clicking element '//span[contains(text(), "Polteq Tester")]'.</msg>
<arg>${go_to_your_account}</arg>
<doc>Click the element identified by ``locator``.</doc>
<status status="PASS" start="2024-06-01T12:45:35.621595" elapsed="0.213146"/>
</kw>
<kw name="Click Element" owner="SeleniumLibrary">
<msg time="2024-06-01T12:45:35.835588" level="INFO">Clicking element '//a[contains(text(), "Sign out")]'.</msg>
<arg>//a[contains(text(), "Sign out")]</arg>
<doc>Click the element identified by ``locator``.</doc>
<status status="PASS" start="2024-06-01T12:45:35.835185" elapsed="0.335990"/>
</kw>
<kw name="Wait Until Element Is Visible" owner="SeleniumLibrary">
<arg>${header_page_of_autorisation}</arg>
<doc>Waits until the element ``locator`` is visible.</doc>
<status status="PASS" start="2024-06-01T12:45:36.171580" elapsed="0.011898"/>
</kw>
<status status="PASS" start="2024-06-01T12:45:35.621250" elapsed="0.562623"/>
</kw>
<kw name="Close Page" owner="main" type="TEARDOWN">
<kw name="Delete All Cookies" owner="SeleniumLibrary">
<doc>Deletes all cookies.</doc>
<status status="PASS" start="2024-06-01T12:45:36.185325" elapsed="0.030018"/>
</kw>
<kw name="Close All Browsers" owner="SeleniumLibrary">
<doc>Closes all open browsers and resets the browser cache.</doc>
<status status="PASS" start="2024-06-01T12:45:36.215557" elapsed="0.296664"/>
</kw>
<status status="PASS" start="2024-06-01T12:45:36.184689" elapsed="0.327745"/>
</kw>
<status status="PASS" start="2024-06-01T12:45:28.553845" elapsed="7.958760"/>
</test>
<doc>This is positive test of LogIN and LogOut.</doc>
<status status="PASS" start="2024-06-01T12:45:28.231375" elapsed="8.282177"/>
</suite>
<status status="PASS" start="2024-06-01T12:45:28.229405" elapsed="8.285603"/>
</suite>
<status status="PASS" start="2024-06-01T12:45:28.018130" elapsed="8.497618"/>
</suite>
<statistics>
<total>
<stat pass="1" fail="0" skip="0">All Tests</stat>
</total>
<tag>
</tag>
<suite>
<stat pass="1" fail="0" skip="0" id="s1" name="RFW Polteq WebShop Lashin">RFW Polteq WebShop Lashin</stat>
<stat pass="1" fail="0" skip="0" id="s1-s1" name="Tests">RFW Polteq WebShop Lashin.Tests</stat>
<stat pass="1" fail="0" skip="0" id="s1-s1-s1" name="Login Positive">RFW Polteq WebShop Lashin.Tests.Login Positive</stat>
</suite>
</statistics>
<errors>
</errors>
</robot>
